<?xml version="1.0" encoding="UTF-8"?>
<!-- Generated by org.testng.reporters.JUnitReportReporter -->
<testsuite hostname="DESKTOP-FF7V3JI" failures="0" tests="1" name="ProjectForTest.basePanelBar" time="0.045" errors="0" timestamp="2023-01-16T03:53:22 MSK" skipped="0">
  <testcase classname="ProjectForTest.basePanelBar" name="basePanelBarTest" time="0.045"/>
  <system-out/>
</testsuite> <!-- ProjectForTest.basePanelBar -->
