<?xml version="1.0" encoding="UTF-8"?>
<!-- Generated by org.testng.reporters.JUnitReportReporter -->
<testsuite hostname="DESKTOP-FF7V3JI" failures="0" tests="2" name="ProjectForTest.homePage" time="5.019" errors="0" timestamp="2023-01-16T03:53:22 MSK" skipped="0">
  <testcase classname="ProjectForTest.homePage" name="PageNavigation" time="1.674"/>
  <system-out/>
  <testcase classname="ProjectForTest.homePage" name="PageNavigation" time="3.345"/>
  <system-out/>
</testsuite> <!-- ProjectForTest.homePage -->
