<?xml version="1.0" encoding="UTF-8"?>
<!-- Generated by org.testng.reporters.JUnitReportReporter -->
<testsuite hostname="DESKTOP-FF7V3JI" failures="0" tests="1" name="ProjectForTest.basePanelBarTest" time="0.043" errors="0" timestamp="2023-01-21T03:00:06 MSK" skipped="0">
  <testcase classname="ProjectForTest.basePanelBarTest" name="basePanelBarTest" time="0.043"/>
  <system-out/>
</testsuite> <!-- ProjectForTest.basePanelBarTest -->
