<?xml version="1.0" encoding="UTF-8"?>
<!-- Generated by org.testng.reporters.JUnitReportReporter -->
<testsuite hostname="DESKTOP-FF7V3JI" failures="0" tests="2" name="ProjectForTest.homePageTest" time="4.835" errors="0" timestamp="2023-01-21T03:00:06 MSK" skipped="0">
  <testcase classname="ProjectForTest.homePageTest" name="PageNavigation" time="1.690"/>
  <system-out/>
  <testcase classname="ProjectForTest.homePageTest" name="PageNavigation" time="3.145"/>
  <system-out/>
</testsuite> <!-- ProjectForTest.homePageTest -->
